[debug] [2025-05-22T22:16:47.500Z] ----------------------------------------------------------------------
[debug] [2025-05-22T22:16:47.502Z] Command:       /opt/homebrew/Cellar/node/22.5.1/bin/node /opt/homebrew/bin/firebase init
[debug] [2025-05-22T22:16:47.502Z] CLI Version:   14.4.0
[debug] [2025-05-22T22:16:47.502Z] Platform:      darwin
[debug] [2025-05-22T22:16:47.502Z] Node Version:  v22.5.1
[debug] [2025-05-22T22:16:47.503Z] Time:          Thu May 22 2025 19:16:47 GMT-0300 (hora estándar de Argentina)
[debug] [2025-05-22T22:16:47.503Z] ----------------------------------------------------------------------
[debug] 
[debug] [2025-05-22T22:16:47.507Z] > command requires scopes: ["email","openid","https://www.googleapis.com/auth/cloudplatformprojects.readonly","https://www.googleapis.com/auth/firebase","https://www.googleapis.com/auth/cloud-platform"]
[debug] [2025-05-22T22:16:47.507Z] > authorizing via signed-in user (mariabmontoya@gmail.com)
[info] 
     ######## #### ########  ######## ########     ###     ######  ########
     ##        ##  ##     ## ##       ##     ##  ##   ##  ##       ##
     ######    ##  ########  ######   ########  #########  ######  ######
     ##        ##  ##    ##  ##       ##     ## ##     ##       ## ##
     ##       #### ##     ## ######## ########  ##     ##  ######  ########

You're about to initialize a Firebase project in this directory:

  /Users/belenmontoya/Desktop/greenbit-portal

[debug] [2025-05-22T22:16:54.321Z] ExitPromptError: User force closed the prompt with SIGINT
    at Interface.sigint (/opt/homebrew/lib/node_modules/firebase-tools/node_modules/@inquirer/core/dist/commonjs/lib/create-prompt.js:100:37)
    at Interface.emit (node:events:520:28)
    at Interface.emit (node:domain:488:12)
    at [_ttyWrite] [as _ttyWrite] (node:internal/readline/interface:1125:18)
    at ReadStream.onkeypress (node:internal/readline/interface:264:20)
    at ReadStream.emit (node:events:532:35)
    at ReadStream.emit (node:domain:488:12)
    at emitKeys (node:internal/readline/utils:370:14)
    at emitKeys.next (<anonymous>)
    at ReadStream.onData (node:internal/readline/emitKeypressEvents:64:36)
[error] 
[error] Error: An unexpected error has occurred.
